08:44:01.344 [main] DEBUG com.intuit.karate.Suite - [config] classpath:karate-config.js
08:44:02.572 [main] INFO  com.intuit.karate - karate.env system property was: null 
08:44:03.046 [main] DEBUG com.intuit.karate - request:
1 > GET https://jsonplaceholder.typicode.com/users
1 > Host: jsonplaceholder.typicode.com
1 > Connection: Keep-Alive
1 > User-Agent: Apache-HttpClient/4.5.14 (Java/11.0.12)
1 > Accept-Encoding: gzip,deflate


08:44:03.387 [main] DEBUG com.intuit.karate - response time in milliseconds: 336
1 < 200
1 < Date: Sat, 04 Nov 2023 14:44:03 GMT
1 < Content-Type: application/json; charset=utf-8
1 < Transfer-Encoding: chunked
1 < Connection: keep-alive
1 < Report-To: {"group":"heroku-nel","max_age":3600,"endpoints":[{"url":"https://nel.heroku.com/reports?ts=1698444268&sid=e11707d5-02a7-43ef-b45e-2cf4d2036f7d&s=NQqKaT2qoL42xS1sJCGpmymsXaepLhl2aAXTenMIDFo%3D"}]}
1 < Reporting-Endpoints: heroku-nel=https://nel.heroku.com/reports?ts=1698444268&sid=e11707d5-02a7-43ef-b45e-2cf4d2036f7d&s=NQqKaT2qoL42xS1sJCGpmymsXaepLhl2aAXTenMIDFo%3D
1 < Nel: {"report_to":"heroku-nel","max_age":3600,"success_fraction":0.005,"failure_fraction":0.05,"response_headers":["Via"]}
1 < X-Powered-By: Express
1 < X-Ratelimit-Limit: 1000
1 < X-Ratelimit-Remaining: 999
1 < X-Ratelimit-Reset: 1698444296
1 < Vary: Origin, Accept-Encoding
1 < Access-Control-Allow-Credentials: true
1 < Cache-Control: max-age=43200
1 < Pragma: no-cache
1 < Expires: -1
1 < X-Content-Type-Options: nosniff
1 < Etag: W/"160d-1eMSsxeJRfnVLRBmYJSbCiJZ1qQ"
1 < Via: 1.1 vegur
1 < CF-Cache-Status: HIT
1 < Age: 2178
1 < Server: cloudflare
1 < CF-RAY: 820da204796c2cda-DFW
1 < alt-svc: h3=":443"; ma=86400
[
  {
    "id": 1,
    "name": "Leanne Graham",
    "username": "Bret",
    "email": "Sincere@april.biz",
    "address": {
      "street": "Kulas Light",
      "suite": "Apt. 556",
      "city": "Gwenborough",
      "zipcode": "92998-3874",
      "geo": {
        "lat": "-37.3159",
        "lng": "81.1496"
      }
    },
    "phone": "1-770-736-8031 x56442",
    "website": "hildegard.org",
    "company": {
      "name": "Romaguera-Crona",
      "catchPhrase": "Multi-layered client-server neural-net",
      "bs": "harness real-time e-markets"
    }
  },
  {
    "id": 2,
    "name": "Ervin Howell",
    "username": "Antonette",
    "email": "Shanna@melissa.tv",
    "address": {
      "street": "Victor Plains",
      "suite": "Suite 879",
      "city": "Wisokyburgh",
      "zipcode": "90566-7771",
      "geo": {
        "lat": "-43.9509",
        "lng": "-34.4618"
      }
    },
    "phone": "010-692-6593 x09125",
    "website": "anastasia.net",
    "company": {
      "name": "Deckow-Crist",
      "catchPhrase": "Proactive didactic contingency",
      "bs": "synergize scalable supply-chains"
    }
  },
  {
    "id": 3,
    "name": "Clementine Bauch",
    "username": "Samantha",
    "email": "Nathan@yesenia.net",
    "address": {
      "street": "Douglas Extension",
      "suite": "Suite 847",
      "city": "McKenziehaven",
      "zipcode": "59590-4157",
      "geo": {
        "lat": "-68.6102",
        "lng": "-47.0653"
      }
    },
    "phone": "1-463-123-4447",
    "website": "ramiro.info",
    "company": {
      "name": "Romaguera-Jacobson",
      "catchPhrase": "Face to face bifurcated interface",
      "bs": "e-enable strategic applications"
    }
  },
  {
    "id": 4,
    "name": "Patricia Lebsack",
    "username": "Karianne",
    "email": "Julianne.OConner@kory.org",
    "address": {
      "street": "Hoeger Mall",
      "suite": "Apt. 692",
      "city": "South Elvis",
      "zipcode": "53919-4257",
      "geo": {
        "lat": "29.4572",
        "lng": "-164.2990"
      }
    },
    "phone": "493-170-9623 x156",
    "website": "kale.biz",
    "company": {
      "name": "Robel-Corkery",
      "catchPhrase": "Multi-tiered zero tolerance productivity",
      "bs": "transition cutting-edge web services"
    }
  },
  {
    "id": 5,
    "name": "Chelsey Dietrich",
    "username": "Kamren",
    "email": "Lucio_Hettinger@annie.ca",
    "address": {
      "street": "Skiles Walks",
      "suite": "Suite 351",
      "city": "Roscoeview",
      "zipcode": "33263",
      "geo": {
        "lat": "-31.8129",
        "lng": "62.5342"
      }
    },
    "phone": "(254)954-1289",
    "website": "demarco.info",
    "company": {
      "name": "Keebler LLC",
      "catchPhrase": "User-centric fault-tolerant solution",
      "bs": "revolutionize end-to-end systems"
    }
  },
  {
    "id": 6,
    "name": "Mrs. Dennis Schulist",
    "username": "Leopoldo_Corkery",
    "email": "Karley_Dach@jasper.info",
    "address": {
      "street": "Norberto Crossing",
      "suite": "Apt. 950",
      "city": "South Christy",
      "zipcode": "23505-1337",
      "geo": {
        "lat": "-71.4197",
        "lng": "71.7478"
      }
    },
    "phone": "1-477-935-8478 x6430",
    "website": "ola.org",
    "company": {
      "name": "Considine-Lockman",
      "catchPhrase": "Synchronised bottom-line interface",
      "bs": "e-enable innovative applications"
    }
  },
  {
    "id": 7,
    "name": "Kurtis Weissnat",
    "username": "Elwyn.Skiles",
    "email": "Telly.Hoeger@billy.biz",
    "address": {
      "street": "Rex Trail",
      "suite": "Suite 280",
      "city": "Howemouth",
      "zipcode": "58804-1099",
      "geo": {
        "lat": "24.8918",
        "lng": "21.8984"
      }
    },
    "phone": "210.067.6132",
    "website": "elvis.io",
    "company": {
      "name": "Johns Group",
      "catchPhrase": "Configurable multimedia task-force",
      "bs": "generate enterprise e-tailers"
    }
  },
  {
    "id": 8,
    "name": "Nicholas Runolfsdottir V",
    "username": "Maxime_Nienow",
    "email": "Sherwood@rosamond.me",
    "address": {
      "street": "Ellsworth Summit",
      "suite": "Suite 729",
      "city": "Aliyaview",
      "zipcode": "45169",
      "geo": {
        "lat": "-14.3990",
        "lng": "-120.7677"
      }
    },
    "phone": "586.493.6943 x140",
    "website": "jacynthe.com",
    "company": {
      "name": "Abernathy Group",
      "catchPhrase": "Implemented secondary concept",
      "bs": "e-enable extensible e-tailers"
    }
  },
  {
    "id": 9,
    "name": "Glenna Reichert",
    "username": "Delphine",
    "email": "Chaim_McDermott@dana.io",
    "address": {
      "street": "Dayna Park",
      "suite": "Suite 449",
      "city": "Bartholomebury",
      "zipcode": "76495-3109",
      "geo": {
        "lat": "24.6463",
        "lng": "-168.8889"
      }
    },
    "phone": "(775)976-6794 x41206",
    "website": "conrad.com",
    "company": {
      "name": "Yost and Sons",
      "catchPhrase": "Switchable contextually-based project",
      "bs": "aggregate real-time technologies"
    }
  },
  {
    "id": 10,
    "name": "Clementina DuBuque",
    "username": "Moriah.Stanton",
    "email": "Rey.Padberg@karina.biz",
    "address": {
      "street": "Kattie Turnpike",
      "suite": "Suite 198",
      "city": "Lebsackbury",
      "zipcode": "31428-2261",
      "geo": {
        "lat": "-38.2386",
        "lng": "57.2232"
      }
    },
    "phone": "024-648-3804",
    "website": "ambrose.net",
    "company": {
      "name": "Hoeger LLC",
      "catchPhrase": "Centralized empowering task-force",
      "bs": "target end-to-end models"
    }
  }
]

08:44:03.434 [main] DEBUG com.intuit.karate - request:
2 > GET https://jsonplaceholder.typicode.com/users/1
2 > Host: jsonplaceholder.typicode.com
2 > Connection: Keep-Alive
2 > User-Agent: Apache-HttpClient/4.5.14 (Java/11.0.12)
2 > Accept-Encoding: gzip,deflate


08:44:03.534 [main] DEBUG com.intuit.karate - response time in milliseconds: 100
2 < 200
2 < Date: Sat, 04 Nov 2023 14:44:04 GMT
2 < Content-Type: application/json; charset=utf-8
2 < Transfer-Encoding: chunked
2 < Connection: keep-alive
2 < X-Powered-By: Express
2 < X-Ratelimit-Limit: 1000
2 < X-Ratelimit-Remaining: 992
2 < X-Ratelimit-Reset: 1698185049
2 < Vary: Origin, Accept-Encoding
2 < Access-Control-Allow-Credentials: true
2 < Cache-Control: max-age=43200
2 < Pragma: no-cache
2 < Expires: -1
2 < X-Content-Type-Options: nosniff
2 < Etag: W/"1fd-+2Y3G3w049iSZtw5t1mzSnunngE"
2 < Via: 1.1 vegur
2 < CF-Cache-Status: HIT
2 < Age: 2011
2 < Report-To: {"endpoints":[{"url":"https:\/\/a.nel.cloudflare.com\/report\/v3?s=p5y0sAdn1NSk4AoECv%2BdlyXy1WqcEsVQUAytsc3Ms4Day9EsBvmD6Bgz6TcLUH%2BBafAoFPbXPyO3A1KaWSz9kAhU9kul2oJBtuKQMk8lvEPotunoe%2Fn3iQxDO1N0E%2FKLbhmIMPmljUUsbCqEjSp9"}],"group":"cf-nel","max_age":604800}
2 < NEL: {"success_fraction":0,"report_to":"cf-nel","max_age":604800}
2 < Server: cloudflare
2 < CF-RAY: 820da2057d0d461e-DFW
2 < alt-svc: h3=":443"; ma=86400
{
  "id": 1,
  "name": "Leanne Graham",
  "username": "Bret",
  "email": "Sincere@april.biz",
  "address": {
    "street": "Kulas Light",
    "suite": "Apt. 556",
    "city": "Gwenborough",
    "zipcode": "92998-3874",
    "geo": {
      "lat": "-37.3159",
      "lng": "81.1496"
    }
  },
  "phone": "1-770-736-8031 x56442",
  "website": "hildegard.org",
  "company": {
    "name": "Romaguera-Crona",
    "catchPhrase": "Multi-layered client-server neural-net",
    "bs": "harness real-time e-markets"
  }
}

08:44:03.547 [main] INFO  com.intuit.karate - karate.env system property was: null 
08:44:03.622 [main] DEBUG com.intuit.karate - request:
1 > POST https://jsonplaceholder.typicode.com/users
1 > Content-Type: application/json; charset=UTF-8
1 > Content-Length: 160
1 > Host: jsonplaceholder.typicode.com
1 > Connection: Keep-Alive
1 > User-Agent: Apache-HttpClient/4.5.14 (Java/11.0.12)
1 > Accept-Encoding: gzip,deflate
{"name":"Test User","username":"testuser","email":"test@user.com","address":{"street":"Has No Name","suite":"Apt. 123","city":"Electri","zipcode":"54321-6789"}}

08:44:03.848 [main] DEBUG com.intuit.karate - response time in milliseconds: 225
1 < 201
1 < Date: Sat, 04 Nov 2023 14:44:04 GMT
1 < Content-Type: application/json; charset=utf-8
1 < Content-Length: 216
1 < Connection: keep-alive
1 < X-Powered-By: Express
1 < X-Ratelimit-Limit: 1000
1 < X-Ratelimit-Remaining: 999
1 < X-Ratelimit-Reset: 1699109104
1 < Vary: Origin, X-HTTP-Method-Override, Accept-Encoding
1 < Access-Control-Allow-Credentials: true
1 < Cache-Control: no-cache
1 < Pragma: no-cache
1 < Expires: -1
1 < Access-Control-Expose-Headers: Location
1 < Location: https://jsonplaceholder.typicode.com/users/11
1 < X-Content-Type-Options: nosniff
1 < Etag: W/"d8-pYV7+YuMGP2hxHPU9ARrf97ifDA"
1 < Via: 1.1 vegur
1 < CF-Cache-Status: DYNAMIC
1 < Report-To: {"endpoints":[{"url":"https:\/\/a.nel.cloudflare.com\/report\/v3?s=IgiuyL47GPU%2BtYXkGWzZepd16x9oiZv2WFyFqDrw3TrBEmZfpJimoAgrwlvncei24XS%2Bq7eh%2ByeRkOJFi6rs5R4mS6tmMsYz5OMdhkaHPdf650aavz8czDcV0T5L24H8K4AAxUCzl%2FPVtHVimjcL"}],"group":"cf-nel","max_age":604800}
1 < NEL: {"success_fraction":0,"report_to":"cf-nel","max_age":604800}
1 < Server: cloudflare
1 < CF-RAY: 820da206980e2e21-DFW
1 < alt-svc: h3=":443"; ma=86400
{
  "name": "Test User",
  "username": "testuser",
  "email": "test@user.com",
  "address": {
    "street": "Has No Name",
    "suite": "Apt. 123",
    "city": "Electri",
    "zipcode": "54321-6789"
  },
  "id": 11
}

08:44:03.852 [main] INFO  com.intuit.karate - [print] created id is:  11 
08:53:59.659 [main] DEBUG com.intuit.karate.Suite - [config] classpath:karate-config.js
08:54:00.707 [main] INFO  com.intuit.karate - karate.env system property was: null 
08:54:00.735 [main] INFO  com.intuit.karate - [print] hello world 
08:54:51.456 [main] DEBUG com.intuit.karate.Suite - [config] classpath:karate-config.js
08:54:52.547 [main] INFO  com.intuit.karate - karate.env system property was: null 
08:54:52.578 [main] INFO  com.intuit.karate - [print] hello world 
08:55:06.654 [main] DEBUG com.intuit.karate.Suite - [config] classpath:karate-config.js
08:55:07.664 [main] INFO  com.intuit.karate - karate.env system property was: null 
08:55:07.692 [main] INFO  com.intuit.karate - [print] hello world 
09:22:46.049 [main] DEBUG com.intuit.karate.Suite - [config] classpath:karate-config.js
09:22:47.117 [main] INFO  com.intuit.karate - karate.env system property was: null 
09:22:47.146 [main] INFO  com.intuit.karate - [print] hello world 
09:22:47.159 [main] INFO  com.intuit.karate - [print] 4 
09:22:47.205 [main] INFO  com.intuit.karate - [print] Jennica 
09:36:33.239 [main] DEBUG com.intuit.karate.Suite - [config] classpath:karate-config.js
09:36:34.485 [main] INFO  com.intuit.karate - karate.env system property was: null 
09:36:34.518 [main] INFO  com.intuit.karate - [print] hello world 
09:36:34.531 [main] INFO  com.intuit.karate - [print] 4 
09:36:34.579 [main] INFO  com.intuit.karate - [print] Jennica 
09:36:34.593 [main] INFO  com.intuit.karate - karate.env system property was: null 
09:36:34.630 [main] ERROR com.intuit.karate - classpath:examples/group/Variables.feature:25
When def spartans = read("classpath:src/test/java/examples/testData/testData.json")
js failed:
>>>>
01: read("classpath:src/test/java/examples/testData/testData.json")
<<<<
org.graalvm.polyglot.PolyglotException: not found: src/test/java/examples/testData/testData.json
- com.intuit.karate.resource.ResourceUtils.getResource(ResourceUtils.java:126)
- com.intuit.karate.core.ScenarioFileReader.toResource(ScenarioFileReader.java:129)
- com.intuit.karate.core.ScenarioFileReader.readFileAsStream(ScenarioFileReader.java:99)
- com.intuit.karate.core.ScenarioFileReader.readFileAsString(ScenarioFileReader.java:95)
- com.intuit.karate.core.ScenarioFileReader.readFile(ScenarioFileReader.java:54)
- com.intuit.karate.core.ScenarioEngine.lambda$new$0(ScenarioEngine.java:121)
- <js>.:program(Unnamed:1)

classpath:examples/group/Variables.feature:25
09:36:51.776 [main] DEBUG com.intuit.karate.Suite - [config] classpath:karate-config.js
09:36:52.928 [main] INFO  com.intuit.karate - karate.env system property was: null 
09:36:52.968 [main] INFO  com.intuit.karate - [print] hello world 
09:36:52.980 [main] INFO  com.intuit.karate - [print] 4 
09:36:53.029 [main] INFO  com.intuit.karate - [print] Jennica 
09:36:53.044 [main] INFO  com.intuit.karate - karate.env system property was: null 
09:36:53.078 [main] ERROR com.intuit.karate - classpath:examples/group/Variables.feature:25
When def spartans = read("classpath: examples/testData/testData.json")
js failed:
>>>>
01: read("classpath: examples/testData/testData.json")
<<<<
org.graalvm.polyglot.PolyglotException: not found:  examples/testData/testData.json
- com.intuit.karate.resource.ResourceUtils.getResource(ResourceUtils.java:126)
- com.intuit.karate.core.ScenarioFileReader.toResource(ScenarioFileReader.java:129)
- com.intuit.karate.core.ScenarioFileReader.readFileAsStream(ScenarioFileReader.java:99)
- com.intuit.karate.core.ScenarioFileReader.readFileAsString(ScenarioFileReader.java:95)
- com.intuit.karate.core.ScenarioFileReader.readFile(ScenarioFileReader.java:54)
- com.intuit.karate.core.ScenarioEngine.lambda$new$0(ScenarioEngine.java:121)
- <js>.:program(Unnamed:1)

classpath:examples/group/Variables.feature:25
09:37:07.080 [main] DEBUG com.intuit.karate.Suite - [config] classpath:karate-config.js
09:37:08.387 [main] INFO  com.intuit.karate - karate.env system property was: null 
09:37:08.426 [main] INFO  com.intuit.karate - [print] hello world 
09:37:08.438 [main] INFO  com.intuit.karate - [print] 4 
09:37:08.492 [main] INFO  com.intuit.karate - [print] Jennica 
09:37:08.509 [main] INFO  com.intuit.karate - karate.env system property was: null 
09:37:08.525 [main] INFO  com.intuit.karate - [print] [
  {
    "id": 13,
    "name": "Jaimie",
    "gender": "Female",
    "phone": 7842554879
  },
  {
    "id": 27,
    "name": "Jeanelle",
    "gender": "Female",
    "phone": 6662999903
  },
  {
    "id": 50,
    "name": "Jennica",
    "gender": "Female",
    "phone": 6986436734
  },
  {
    "id": 67,
    "name": "Janette",
    "gender": "Female",
    "phone": 9887020445
  }
]
 
